c:\users\a_kik.laptop-i982k1hh\code\pdf_viewer\build-msvc\pdfviewer.dir\release\pdfviewerwidget.obj
c:\users\a_kik.laptop-i982k1hh\code\pdf_viewer\build-msvc\pdfviewer.dir\release\pdftestwidget.obj
c:\users\a_kik.laptop-i982k1hh\code\pdf_viewer\build-msvc\pdfviewer.dir\release\settingsdialog.obj
c:\users\a_kik.laptop-i982k1hh\code\pdf_viewer\build-msvc\pdfviewer.dir\release\filepropertiesdialog.obj
c:\users\a_kik.laptop-i982k1hh\code\pdf_viewer\build-msvc\pdfviewer.dir\release\advancedsearchdialog.obj
c:\users\a_kik.laptop-i982k1hh\code\pdf_viewer\build-msvc\pdfviewer.dir\release\recentfileswidget.obj
c:\users\a_kik.laptop-i982k1hh\code\pdf_viewer\build-msvc\pdfviewer.dir\release\homecontentwidget.obj
c:\users\a_kik.laptop-i982k1hh\code\pdf_viewer\build-msvc\pdfviewer.dir\release\locationssidebarwidget.obj
c:\users\a_kik.laptop-i982k1hh\code\pdf_viewer\build-msvc\pdfviewer.dir\release\homepagewidget.obj
c:\users\a_kik.laptop-i982k1hh\code\pdf_viewer\build-msvc\pdfviewer.dir\release\tabmanager.obj
c:\users\a_kik.laptop-i982k1hh\code\pdf_viewer\build-msvc\pdfviewer.dir\release\mainwindow.obj
c:\users\a_kik.laptop-i982k1hh\code\pdf_viewer\build-msvc\pdfviewer.dir\release\settingsmanager.obj
c:\users\a_kik.laptop-i982k1hh\code\pdf_viewer\build-msvc\pdfviewer.dir\release\fileclipboard.obj
c:\users\a_kik.laptop-i982k1hh\code\pdf_viewer\build-msvc\pdfviewer.dir\release\thumbnailcache.obj
c:\users\a_kik.laptop-i982k1hh\code\pdf_viewer\build-msvc\pdfviewer.dir\release\recentfilesmanager.obj
c:\users\a_kik.laptop-i982k1hh\code\pdf_viewer\build-msvc\pdfviewer.dir\release\sessionmanager.obj
c:\users\a_kik.laptop-i982k1hh\code\pdf_viewer\build-msvc\pdfviewer.dir\release\theme.obj
c:\users\a_kik.laptop-i982k1hh\code\pdf_viewer\build-msvc\pdfviewer.dir\release\debuglog.obj
c:\users\a_kik.laptop-i982k1hh\code\pdf_viewer\build-msvc\pdfviewer.dir\release\application.obj
c:\users\a_kik.laptop-i982k1hh\code\pdf_viewer\build-msvc\pdfviewer.dir\release\main.obj
c:\users\a_kik.laptop-i982k1hh\code\pdf_viewer\build-msvc\pdfviewer.dir\release\mocs_compilation_release.obj
c:\users\a_kik.laptop-i982k1hh\code\pdf_viewer\build-msvc\pdfviewer.dir\release\qrc_app_resources.obj
c:\users\a_kik.laptop-i982k1hh\code\pdf_viewer\build-msvc\pdfviewer.dir\release\qtpdfrenderer.obj
c:\users\a_kik.laptop-i982k1hh\code\pdf_viewer\build-msvc\pdfviewer.dir\release\pdfrenderservice.obj
c:\users\a_kik.laptop-i982k1hh\code\pdf_viewer\build-msvc\pdfviewer.dir\release\pagerendercache.obj
c:\users\a_kik.laptop-i982k1hh\code\pdf_viewer\build-msvc\pdfviewer.dir\release\pdfrendererfactory.obj
c:\users\a_kik.laptop-i982k1hh\code\pdf_viewer\build-msvc\pdfviewer.dir\release\simplepdfwindow.obj
c:\users\a_kik.laptop-i982k1hh\code\pdf_viewer\build-msvc\pdfviewer.dir\release\thumbnailsidebarwidget.obj
c:\users\a_kik.laptop-i982k1hh\code\pdf_viewer\build-msvc\pdfviewer.dir\release\pagecanvasview.obj
c:\users\a_kik.laptop-i982k1hh\code\pdf_viewer\build-msvc\pdfviewer.dir\release\pdfviewer_autogen\3yjk5w5up7_release\qrc_resources.cpp.obj
c:\users\a_kik.laptop-i982k1hh\code\pdf_viewer\build-msvc\.qt\rcc\qrc_app_resources.cpp
c:\users\a_kik.laptop-i982k1hh\code\pdf_viewer\build-msvc\pdfviewer_autogen\3yjk5w5up7_release\qrc_resources.cpp
c:\users\a_kik.laptop-i982k1hh\code\pdf_viewer\build-msvc\cmakefiles\generate.stamp
c:\users\a_kik.laptop-i982k1hh\code\pdf_viewer\build-msvc\release\pdfviewer.exe
c:\users\a_kik.laptop-i982k1hh\code\pdf_viewer\build-msvc\pdfviewer.dir\release\pdfviewer.tlog\cl.command.1.tlog
c:\users\a_kik.laptop-i982k1hh\code\pdf_viewer\build-msvc\pdfviewer.dir\release\pdfviewer.tlog\cl.items.tlog
c:\users\a_kik.laptop-i982k1hh\code\pdf_viewer\build-msvc\pdfviewer.dir\release\pdfviewer.tlog\cl.read.1.tlog
c:\users\a_kik.laptop-i982k1hh\code\pdf_viewer\build-msvc\pdfviewer.dir\release\pdfviewer.tlog\cl.write.1.tlog
c:\users\a_kik.laptop-i982k1hh\code\pdf_viewer\build-msvc\pdfviewer.dir\release\pdfviewer.tlog\custombuild.command.1.tlog
c:\users\a_kik.laptop-i982k1hh\code\pdf_viewer\build-msvc\pdfviewer.dir\release\pdfviewer.tlog\custombuild.read.1.tlog
c:\users\a_kik.laptop-i982k1hh\code\pdf_viewer\build-msvc\pdfviewer.dir\release\pdfviewer.tlog\custombuild.write.1.tlog
c:\users\a_kik.laptop-i982k1hh\code\pdf_viewer\build-msvc\pdfviewer.dir\release\pdfviewer.tlog\link.command.1.tlog
c:\users\a_kik.laptop-i982k1hh\code\pdf_viewer\build-msvc\pdfviewer.dir\release\pdfviewer.tlog\link.read.1.tlog
c:\users\a_kik.laptop-i982k1hh\code\pdf_viewer\build-msvc\pdfviewer.dir\release\pdfviewer.tlog\link.secondary.1.tlog
c:\users\a_kik.laptop-i982k1hh\code\pdf_viewer\build-msvc\pdfviewer.dir\release\pdfviewer.tlog\link.write.1.tlog
